[2013Oct09 16:46:33,040][INFO ][][configurarLogger BSSIntLogger.java:67][APLICACION: BBRecDisc/ClienteReconexion - VERSION: 1.0]
[2013Oct09 16:46:33,075][INFO ][][configurarLogger BSSIntLogger.java:69][DESCRIPCION: Servicios de Integracion - Servicios de Reconexion y Desconexion - Notificaciones RTBS]
[2013Oct09 16:46:33,092][DEBUG][][compileCmd NameSustitutionCmdAdapter.java:50][Iniciando proceso de compilacion de comando: <?xml version="1.0" encoding="UTF-8"?>
<request>
	<header>
		<TraceId>${traceId}</TraceId>
		<Target>reconexion.rim.roboextravio</Target>
	</header>
	<body>
		<IMSI>${imsi}</IMSI>
		<MSISDN>${msisdn}</MSISDN>
		<Status>Active</Status>
		<CosName>BlackBerry 50MB</CosName>
	</body>
</request>]
[2013Oct09 16:46:33,095][DEBUG][][compileCmd NameSustitutionCmdAdapter.java:87][Componente CONSTANTE encontrado: <?xml version="1.0" encoding="UTF-8"?>
<request>
	<header>
		<TraceId>]
[2013Oct09 16:46:33,098][DEBUG][][compileCmd NameSustitutionCmdAdapter.java:63][Componente VARIABLE encontrado: traceId]
[2013Oct09 16:46:33,101][DEBUG][][compileCmd NameSustitutionCmdAdapter.java:78][Componente CONSTANTE encontrado: </TraceId>
		<Target>reconexion.rim.roboextravio</Target>
	</header>
	<body>
		<IMSI>]
[2013Oct09 16:46:33,104][DEBUG][][compileCmd NameSustitutionCmdAdapter.java:63][Componente VARIABLE encontrado: imsi]
[2013Oct09 16:46:33,107][DEBUG][][compileCmd NameSustitutionCmdAdapter.java:78][Componente CONSTANTE encontrado: </IMSI>
		<MSISDN>]
[2013Oct09 16:46:33,110][DEBUG][][compileCmd NameSustitutionCmdAdapter.java:63][Componente VARIABLE encontrado: msisdn]
[2013Oct09 16:46:33,113][DEBUG][][compileCmd NameSustitutionCmdAdapter.java:78][Componente CONSTANTE encontrado: </MSISDN>
		<Status>Active</Status>
		<CosName>BlackBerry 50MB</CosName>
	</body>
</request>]
[2013Oct09 16:46:33,115][INFO ][][cargarClientes ClienteReconexion.java:34][INICIO DE PROCESAMIENTO DE ARCHIVO]
[2013Oct09 16:46:33,164][DEBUG][][assembly NameSustitutionCmdAdapter.java:243][Ensamblando lista de COMPONENTES para la construccion del COMANDO]
[2013Oct09 16:46:40,741][DEBUG][][execute QueueSubmiterSPCustomersDelegator.java:123][Nuevo request: <?xml version="1.0" encoding="UTF-8"?>
<request>
	<header>
		<TraceId>1381353393163</TraceId>
		<Target>reconexion.rim.roboextravio</Target>
	</header>
	<body>
		<IMSI>734021006997777</IMSI>
		<MSISDN>584129181741</MSISDN>
		<Status>Active</Status>
		<CosName>BlackBerry 50MB</CosName>
	</body>
</request>]
[2013Oct09 16:46:41,052][DEBUG][][execute QueueSubmiterSPCustomersDelegator.java:129][ActivationOrder enviado a la cola]
[2013Oct09 16:46:41,066][INFO ][][cargarClientes ClienteReconexion.java:63][Request enviado a la cola: 584129181741 - 734021006997777]
[2013Oct09 16:46:41,069][DEBUG][][assembly NameSustitutionCmdAdapter.java:243][Ensamblando lista de COMPONENTES para la construccion del COMANDO]
[2013Oct09 16:46:41,091][DEBUG][][execute QueueSubmiterSPCustomersDelegator.java:123][Nuevo request: <?xml version="1.0" encoding="UTF-8"?>
<request>
	<header>
		<TraceId>1381353401069</TraceId>
		<Target>reconexion.rim.roboextravio</Target>
	</header>
	<body>
		<IMSI>734021006997776</IMSI>
		<MSISDN>584129181740</MSISDN>
		<Status>Active</Status>
		<CosName>BlackBerry 50MB</CosName>
	</body>
</request>]
[2013Oct09 16:46:41,096][DEBUG][][execute QueueSubmiterSPCustomersDelegator.java:129][ActivationOrder enviado a la cola]
[2013Oct09 16:46:41,101][INFO ][][cargarClientes ClienteReconexion.java:63][Request enviado a la cola: 584129181740 - 734021006997776]
