[2016Jun01 09:02:51,906][INFO ][][configurarLogger BSSIntLogger.java:67][APLICACION: BBRecDisc - VERSION: 1.0]
[2016Jun01 09:02:51,924][INFO ][][configurarLogger BSSIntLogger.java:69][DESCRIPCION: Servicios de Integracion - Servicios de Reconexion y Desconexion - Notificaciones RTBS]
[2016Jun01 09:02:51,927][INFO ][][onMessage BBRecDiscMDBean.java:120][Mensaje recibido con exito en la cola de SOLICITUD <?xml version="1.0" encoding="UTF-8"?>
<request>
	<header>
		<TraceId>1464787970907</TraceId>
		<Target>desconexion.rim.roboextravio</Target>
	</header>
	<body>
		<IMSI>734027003986719</IMSI>
		<MSISDN>584128082587</MSISDN>
		<Status>Active</Status>
		<CosName>BlackBerry</CosName>
	</body>
</request>]
[2016Jun01 09:02:51,955][DEBUG][][compileCmd NameSustitutionCmdAdapter.java:50][Iniciando proceso de compilacion de comando: <?xml version="1.0" encoding="UTF-8"?>
<soapenv:Envelope xmlns:soapenv="http://www.w3.org/2003/05/soap-envelope">
	<soapenv:Body>
		<RESPONSE_ACK xmlns="http://www.comptel.com/ilink/api/soap/2005/09" 
		ACK_STATUS="${code}"
		ACK_SMESSAGE="${msg}"/>
	</soapenv:Body>
</soapenv:Envelope>
]
[2016Jun01 09:02:51,957][DEBUG][][compileCmd NameSustitutionCmdAdapter.java:87][Componente CONSTANTE encontrado: <?xml version="1.0" encoding="UTF-8"?>
<soapenv:Envelope xmlns:soapenv="http://www.w3.org/2003/05/soap-envelope">
	<soapenv:Body>
		<RESPONSE_ACK xmlns="http://www.comptel.com/ilink/api/soap/2005/09" 
		ACK_STATUS="]
[2016Jun01 09:02:51,964][DEBUG][][compileCmd NameSustitutionCmdAdapter.java:63][Componente VARIABLE encontrado: code]
[2016Jun01 09:02:51,968][DEBUG][][compileCmd NameSustitutionCmdAdapter.java:78][Componente CONSTANTE encontrado: "
		ACK_SMESSAGE="]
[2016Jun01 09:02:51,969][DEBUG][][compileCmd NameSustitutionCmdAdapter.java:63][Componente VARIABLE encontrado: msg]
[2016Jun01 09:02:51,970][DEBUG][][compileCmd NameSustitutionCmdAdapter.java:78][Componente CONSTANTE encontrado: "/>
	</soapenv:Body>
</soapenv:Envelope>
]
[2016Jun01 09:02:51,975][DEBUG][][buildRequest RCHelper.java:56][INICIO de parser XML de entrada]
[2016Jun01 09:02:52,410][DEBUG][1464787970907][processRequest RC.java:100][ve.com.digitel.bbrecdisc.model.Request{ | header: {TraceId=1464787970907, Target=desconexion.rim.roboextravio} | context: {Status=Active, IMSI=734027003986719, MSISDN=584128082587, CosName=BlackBerry}}]
[2016Jun01 09:02:52,413][INFO ][1464787970907][processRequest RC.java:70][Inicio de Servicio: desconexion.rim.roboextravio]
[2016Jun01 09:02:52,423][DEBUG][1464787970907][RCConfigMgr ConfigMgr.java:50][Inicializando config]
[2016Jun01 09:02:52,530][DEBUG][1464787970907][initCommandChainConfig RCConfig.java:250][desconexion.rim.roboextravio]
[2016Jun01 09:02:52,535][DEBUG][1464787970907][createCommandConfig RCConfig.java:286][RegistrarAccionRIMBD -##- desconexion.rim.roboextravio]
[2016Jun01 09:02:52,543][DEBUG][1464787970907][createCommandConfig RCConfig.java:363][Accion - null - D]
[2016Jun01 09:02:52,554][DEBUG][1464787970907][createCommandConfig RCConfig.java:363][Canal - null - N]
[2016Jun01 09:02:52,555][DEBUG][1464787970907][createCommandConfig RCConfig.java:363][Estado - null - 0]
[2016Jun01 09:02:52,557][DEBUG][1464787970907][createCommandConfig RCConfig.java:363][Descripcion - null - In Process]
[2016Jun01 09:02:52,558][DEBUG][1464787970907][initCommandChainConfig RCConfig.java:263][ve.com.digitel.bbrecdisc.rc.config.CommandConfig[ | delegator: RegistrarAccionRIMBD | service: desconexion.rim.roboextravio | conditions: [] | parameters: ve.com.digitel.bbrecdisc.model.ParametersConfig@113bee2 | ignorar: false | codesToIgnore: null]]
[2016Jun01 09:02:52,560][DEBUG][1464787970907][createCommandConfig RCConfig.java:286][DesconectarRIMRoboExtravio -##- desconexion.rim.roboextravio]
[2016Jun01 09:02:52,562][DEBUG][1464787970907][initCommandChainConfig RCConfig.java:263][ve.com.digitel.bbrecdisc.rc.config.CommandConfig[ | delegator: DesconectarRIMRoboExtravio | service: desconexion.rim.roboextravio | conditions: [] | parameters: ve.com.digitel.bbrecdisc.model.ParametersConfig@15907c8 | ignorar: true | codesToIgnore: []]]
[2016Jun01 09:02:52,563][DEBUG][1464787970907][createCommandConfig RCConfig.java:286][ActualizarStatusErrorIL -##- desconexion.rim.roboextravio]
[2016Jun01 09:02:52,565][DEBUG][1464787970907][createCommandConfig RCConfig.java:286][local -##- cond:in]
[2016Jun01 09:02:52,566][DEBUG][1464787970907][createCommandConfig RCConfig.java:363][lvalor - _rc_resultado - null]
[2016Jun01 09:02:52,571][DEBUG][1464787970907][createCommandConfig RCConfig.java:363][rvalor - null - 0]
[2016Jun01 09:02:52,572][DEBUG][1464787970907][createCommandConfig RCConfig.java:363][negado - null - true]
[2016Jun01 09:02:52,574][DEBUG][1464787970907][createCommandConfig RCConfig.java:363][Accion - null - D]
[2016Jun01 09:02:52,575][DEBUG][1464787970907][createCommandConfig RCConfig.java:363][Canal - null - N]
[2016Jun01 09:02:52,577][DEBUG][1464787970907][createCommandConfig RCConfig.java:363][MSISDN - MSISDN - null]
[2016Jun01 09:02:52,578][DEBUG][1464787970907][createCommandConfig RCConfig.java:363][IMSI - IMSI - null]
[2016Jun01 09:02:52,579][DEBUG][1464787970907][createCommandConfig RCConfig.java:363][Estado - _rc_resultado - null]
[2016Jun01 09:02:52,581][DEBUG][1464787970907][createCommandConfig RCConfig.java:363][Descripcion - _rc_razon - null]
[2016Jun01 09:02:52,582][DEBUG][1464787970907][initCommandChainConfig RCConfig.java:263][ve.com.digitel.bbrecdisc.rc.config.CommandConfig[ | delegator: ActualizarStatusErrorIL | service: desconexion.rim.roboextravio | conditions: [ve.com.digitel.bbrecdisc.rc.config.CommandConfig[ | delegator: local | service: cond:in | conditions: [] | parameters: ve.com.digitel.bbrecdisc.model.ParametersConfig@133f824 | ignorar: false | codesToIgnore: null]] | parameters: ve.com.digitel.bbrecdisc.model.ParametersConfig@e8137d | ignorar: false | codesToIgnore: null]]
[2016Jun01 09:02:52,584][DEBUG][1464787970907][initCommandChainConfig RCConfig.java:271][{desconexion.rim.roboextravio=ve.com.digitel.bbrecdisc.rc.config.CommandChainConfig@115470e}]
[2016Jun01 09:02:52,585][DEBUG][1464787970907][initCommandChainConfig RCConfig.java:250][validar.tipo.reconexion]
[2016Jun01 09:02:52,586][DEBUG][1464787970907][createCommandConfig RCConfig.java:286][PreviousStateValidate -##- validar.tipo.reconexion]
[2016Jun01 09:02:52,588][DEBUG][1464787970907][createCommandConfig RCConfig.java:363][MSISDN - MSISDN - null]
[2016Jun01 09:02:52,589][DEBUG][1464787970907][createCommandConfig RCConfig.java:363][IMSI - IMSI - null]
[2016Jun01 09:02:52,591][DEBUG][1464787970907][createCommandConfig RCConfig.java:363][Status - Status - null]
[2016Jun01 09:02:52,592][DEBUG][1464787970907][createCommandConfig RCConfig.java:363][CosName - CosName - null]
[2016Jun01 09:02:52,593][DEBUG][1464787970907][initCommandChainConfig RCConfig.java:263][ve.com.digitel.bbrecdisc.rc.config.CommandConfig[ | delegator: PreviousStateValidate | service: validar.tipo.reconexion | conditions: [] | parameters: ve.com.digitel.bbrecdisc.model.ParametersConfig@1ec14cc | ignorar: true | codesToIgnore: []]]
[2016Jun01 09:02:52,595][DEBUG][1464787970907][createCommandConfig RCConfig.java:286][local -##- stm:setAll]
[2016Jun01 09:02:52,596][DEBUG][1464787970907][createCommandConfig RCConfig.java:363][nameList - null - _rc_resultado_validate _rc_razon_validate]
[2016Jun01 09:02:52,598][DEBUG][1464787970907][createCommandConfig RCConfig.java:363][rvalor_1 - _rc_resultado - null]
[2016Jun01 09:02:52,599][DEBUG][1464787970907][createCommandConfig RCConfig.java:363][rvalor_2 - _rc_razon - null]
[2016Jun01 09:02:52,600][DEBUG][1464787970907][initCommandChainConfig RCConfig.java:263][ve.com.digitel.bbrecdisc.rc.config.CommandConfig[ | delegator: local | service: stm:setAll | conditions: [] | parameters: ve.com.digitel.bbrecdisc.model.ParametersConfig@4978bc | ignorar: true | codesToIgnore: []]]
[2016Jun01 09:02:52,602][DEBUG][1464787970907][createCommandConfig RCConfig.java:286][EncolarSolicitudReconexion -##- reconexion.rim.recarga]
[2016Jun01 09:02:52,603][DEBUG][1464787970907][createCommandConfig RCConfig.java:286][local -##- cond:in]
[2016Jun01 09:02:52,605][DEBUG][1464787970907][createCommandConfig RCConfig.java:363][lvalor - _rc_resultado_validate - null]
[2016Jun01 09:02:52,606][DEBUG][1464787970907][createCommandConfig RCConfig.java:363][rvalor - null - 1]
[2016Jun01 09:02:52,607][DEBUG][1464787970907][initCommandChainConfig RCConfig.java:263][ve.com.digitel.bbrecdisc.rc.config.CommandConfig[ | delegator: EncolarSolicitudReconexion | service: reconexion.rim.recarga | conditions: [ve.com.digitel.bbrecdisc.rc.config.CommandConfig[ | delegator: local | service: cond:in | conditions: [] | parameters: ve.com.digitel.bbrecdisc.model.ParametersConfig@1958e2c | ignorar: false | codesToIgnore: null]] | parameters: ve.com.digitel.bbrecdisc.model.ParametersConfig@1a920db | ignorar: false | codesToIgnore: null]]
[2016Jun01 09:02:52,609][DEBUG][1464787970907][initCommandChainConfig RCConfig.java:271][{desconexion.rim.roboextravio=ve.com.digitel.bbrecdisc.rc.config.CommandChainConfig@115470e, validar.tipo.reconexion=ve.com.digitel.bbrecdisc.rc.config.CommandChainConfig@ac37d9}]
[2016Jun01 09:02:52,610][DEBUG][1464787970907][initCommandChainConfig RCConfig.java:250][reconexion.rim.roboextravio]
[2016Jun01 09:02:52,612][DEBUG][1464787970907][createCommandConfig RCConfig.java:286][RegistrarAccionRIMBD -##- reconexion.rim.roboextravio]
[2016Jun01 09:02:52,613][DEBUG][1464787970907][createCommandConfig RCConfig.java:363][Accion - null - R]
[2016Jun01 09:02:52,614][DEBUG][1464787970907][createCommandConfig RCConfig.java:363][Canal - null - N]
[2016Jun01 09:02:52,616][DEBUG][1464787970907][createCommandConfig RCConfig.java:363][Estado - null - 0]
[2016Jun01 09:02:52,617][DEBUG][1464787970907][createCommandConfig RCConfig.java:363][Descripcion - null - In Process]
[2016Jun01 09:02:52,619][DEBUG][1464787970907][initCommandChainConfig RCConfig.java:263][ve.com.digitel.bbrecdisc.rc.config.CommandConfig[ | delegator: RegistrarAccionRIMBD | service: reconexion.rim.roboextravio | conditions: [] | parameters: ve.com.digitel.bbrecdisc.model.ParametersConfig@86c052 | ignorar: false | codesToIgnore: null]]
[2016Jun01 09:02:52,620][DEBUG][1464787970907][createCommandConfig RCConfig.java:286][ConectarRIMRoboExtravio -##- reconexion.rim.roboextravio]
[2016Jun01 09:02:52,621][DEBUG][1464787970907][createCommandConfig RCConfig.java:286][local -##- cond:inSplit]
[2016Jun01 09:02:52,623][DEBUG][1464787970907][createCommandConfig RCConfig.java:363][lvalor - CosName - null]
[2016Jun01 09:02:52,624][DEBUG][1464787970907][createCommandConfig RCConfig.java:363][rvalor - null - BlackBerry 50MB ZF;BlackBerry Ilimitado;BlackBerry 50MB;BlackBerry Ilimitado ZF]
[2016Jun01 09:02:52,626][DEBUG][1464787970907][createCommandConfig RCConfig.java:363][SERVICE_PLAN - null - Prosumer Prepaid B]
[2016Jun01 09:02:52,627][DEBUG][1464787970907][initCommandChainConfig RCConfig.java:263][ve.com.digitel.bbrecdisc.rc.config.CommandConfig[ | delegator: ConectarRIMRoboExtravio | service: reconexion.rim.roboextravio | conditions: [ve.com.digitel.bbrecdisc.rc.config.CommandConfig[ | delegator: local | service: cond:inSplit | conditions: [] | parameters: ve.com.digitel.bbrecdisc.model.ParametersConfig@bc7f28 | ignorar: false | codesToIgnore: null]] | parameters: ve.com.digitel.bbrecdisc.model.ParametersConfig@1401c7f | ignorar: true | codesToIgnore: []]]
[2016Jun01 09:02:52,628][DEBUG][1464787970907][createCommandConfig RCConfig.java:286][ConectarRIMRoboExtravio -##- reconexion.rim.roboextravio]
[2016Jun01 09:02:52,630][DEBUG][1464787970907][createCommandConfig RCConfig.java:286][local -##- cond:inSplit]
[2016Jun01 09:02:52,631][DEBUG][1464787970907][createCommandConfig RCConfig.java:363][lvalor - CosName - null]
[2016Jun01 09:02:52,633][DEBUG][1464787970907][createCommandConfig RCConfig.java:363][rvalor - null - BlackBerry Social;BlackBerry Social ZF]
[2016Jun01 09:02:52,634][DEBUG][1464787970907][createCommandConfig RCConfig.java:363][SERVICE_PLAN - null - BIS Social Prepaid]
[2016Jun01 09:02:52,636][DEBUG][1464787970907][initCommandChainConfig RCConfig.java:263][ve.com.digitel.bbrecdisc.rc.config.CommandConfig[ | delegator: ConectarRIMRoboExtravio | service: reconexion.rim.roboextravio | conditions: [ve.com.digitel.bbrecdisc.rc.config.CommandConfig[ | delegator: local | service: cond:inSplit | conditions: [] | parameters: ve.com.digitel.bbrecdisc.model.ParametersConfig@ee8f4 | ignorar: false | codesToIgnore: null]] | parameters: ve.com.digitel.bbrecdisc.model.ParametersConfig@dff575 | ignorar: true | codesToIgnore: []]]
[2016Jun01 09:02:52,637][DEBUG][1464787970907][createCommandConfig RCConfig.java:286][ActualizarStatusErrorIL -##- desconexion.rim.roboextravio]
[2016Jun01 09:02:52,638][DEBUG][1464787970907][createCommandConfig RCConfig.java:286][local -##- cond:in]
[2016Jun01 09:02:52,640][DEBUG][1464787970907][createCommandConfig RCConfig.java:363][lvalor - _rc_resultado - null]
[2016Jun01 09:02:52,641][DEBUG][1464787970907][createCommandConfig RCConfig.java:363][rvalor - null - 0]
[2016Jun01 09:02:52,643][DEBUG][1464787970907][createCommandConfig RCConfig.java:363][negado - null - true]
[2016Jun01 09:02:52,644][DEBUG][1464787970907][createCommandConfig RCConfig.java:363][Accion - null - R]
[2016Jun01 09:02:52,646][DEBUG][1464787970907][createCommandConfig RCConfig.java:363][Canal - null - N]
[2016Jun01 09:02:52,647][DEBUG][1464787970907][createCommandConfig RCConfig.java:363][MSISDN - MSISDN - null]
[2016Jun01 09:02:52,648][DEBUG][1464787970907][createCommandConfig RCConfig.java:363][IMSI - IMSI - null]
[2016Jun01 09:02:52,650][DEBUG][1464787970907][createCommandConfig RCConfig.java:363][Estado - _rc_resultado - null]
[2016Jun01 09:02:52,651][DEBUG][1464787970907][createCommandConfig RCConfig.java:363][Descripcion - _rc_razon - null]
[2016Jun01 09:02:52,652][DEBUG][1464787970907][initCommandChainConfig RCConfig.java:263][ve.com.digitel.bbrecdisc.rc.config.CommandConfig[ | delegator: ActualizarStatusErrorIL | service: desconexion.rim.roboextravio | conditions: [ve.com.digitel.bbrecdisc.rc.config.CommandConfig[ | delegator: local | service: cond:in | conditions: [] | parameters: ve.com.digitel.bbrecdisc.model.ParametersConfig@16c04fc | ignorar: false | codesToIgnore: null]] | parameters: ve.com.digitel.bbrecdisc.model.ParametersConfig@bb5df2 | ignorar: false | codesToIgnore: null]]
[2016Jun01 09:02:52,654][DEBUG][1464787970907][initCommandChainConfig RCConfig.java:271][{reconexion.rim.roboextravio=ve.com.digitel.bbrecdisc.rc.config.CommandChainConfig@114c894, desconexion.rim.roboextravio=ve.com.digitel.bbrecdisc.rc.config.CommandChainConfig@115470e, validar.tipo.reconexion=ve.com.digitel.bbrecdisc.rc.config.CommandChainConfig@ac37d9}]
[2016Jun01 09:02:52,655][DEBUG][1464787970907][initCommandChainConfig RCConfig.java:250][reconexion.rim.recarga]
[2016Jun01 09:02:52,657][DEBUG][1464787970907][createCommandConfig RCConfig.java:286][VerificarStatusRIM -##- reconexion.rim.roboextravio]
[2016Jun01 09:02:52,658][DEBUG][1464787970907][createCommandConfig RCConfig.java:363][MSISDN - MSISDN - null]
[2016Jun01 09:02:52,659][DEBUG][1464787970907][createCommandConfig RCConfig.java:363][IMSI - IMSI - null]
[2016Jun01 09:02:52,661][DEBUG][1464787970907][createCommandConfig RCConfig.java:363][Status - Status - null]
[2016Jun01 09:02:52,662][DEBUG][1464787970907][createCommandConfig RCConfig.java:363][CosName - CosName - null]
[2016Jun01 09:02:52,663][DEBUG][1464787970907][createCommandConfig RCConfig.java:363][Accion - null - R]
[2016Jun01 09:02:52,665][DEBUG][1464787970907][createCommandConfig RCConfig.java:363][Canal - null - N]
[2016Jun01 09:02:52,666][DEBUG][1464787970907][initCommandChainConfig RCConfig.java:263][ve.com.digitel.bbrecdisc.rc.config.CommandConfig[ | delegator: VerificarStatusRIM | service: reconexion.rim.roboextravio | conditions: [] | parameters: ve.com.digitel.bbrecdisc.model.ParametersConfig@17c6e20 | ignorar: false | codesToIgnore: null]]
[2016Jun01 09:02:52,668][DEBUG][1464787970907][createCommandConfig RCConfig.java:286][InformacionBasicaRTBS -##- validar.suscriptor.rtbs]
[2016Jun01 09:02:52,669][DEBUG][1464787970907][initCommandChainConfig RCConfig.java:263][ve.com.digitel.bbrecdisc.rc.config.CommandConfig[ | delegator: InformacionBasicaRTBS | service: validar.suscriptor.rtbs | conditions: [] | parameters: ve.com.digitel.bbrecdisc.model.ParametersConfig@221c91 | ignorar: false | codesToIgnore: null]]
[2016Jun01 09:02:52,670][DEBUG][1464787970907][createCommandConfig RCConfig.java:286][RecargasMTRRTBS -##- validar.recargamtr.rtbs]
[2016Jun01 09:02:52,672][DEBUG][1464787970907][initCommandChainConfig RCConfig.java:263][ve.com.digitel.bbrecdisc.rc.config.CommandConfig[ | delegator: RecargasMTRRTBS | service: validar.recargamtr.rtbs | conditions: [] | parameters: ve.com.digitel.bbrecdisc.model.ParametersConfig@18177c2 | ignorar: false | codesToIgnore: null]]
[2016Jun01 09:02:52,673][DEBUG][1464787970907][createCommandConfig RCConfig.java:286][RegistrarAccionRIMBD -##- reconexion.rim.roboextravio]
[2016Jun01 09:02:52,675][DEBUG][1464787970907][createCommandConfig RCConfig.java:363][Accion - null - R]
[2016Jun01 09:02:52,676][DEBUG][1464787970907][createCommandConfig RCConfig.java:363][Canal - null - N]
[2016Jun01 09:02:52,677][DEBUG][1464787970907][createCommandConfig RCConfig.java:363][Estado - null - 0]
[2016Jun01 09:02:52,679][DEBUG][1464787970907][createCommandConfig RCConfig.java:363][Descripcion - null - In Process]
[2016Jun01 09:02:52,680][DEBUG][1464787970907][initCommandChainConfig RCConfig.java:263][ve.com.digitel.bbrecdisc.rc.config.CommandConfig[ | delegator: RegistrarAccionRIMBD | service: reconexion.rim.roboextravio | conditions: [] | parameters: ve.com.digitel.bbrecdisc.model.ParametersConfig@dd9ed9 | ignorar: false | codesToIgnore: null]]
[2016Jun01 09:02:52,681][DEBUG][1464787970907][createCommandConfig RCConfig.java:286][ConectarRIMRoboExtravio -##- reconexion.rim.roboextravio]
[2016Jun01 09:02:52,683][DEBUG][1464787970907][createCommandConfig RCConfig.java:286][local -##- cond:inSplit]
[2016Jun01 09:02:52,684][DEBUG][1464787970907][createCommandConfig RCConfig.java:363][lvalor - CosName - null]
[2016Jun01 09:02:52,686][DEBUG][1464787970907][createCommandConfig RCConfig.java:363][rvalor - null - BlackBerry 50MB ZF;BlackBerry Ilimitado;BlackBerry 50MB;BlackBerry Ilimitado ZF]
[2016Jun01 09:02:52,687][DEBUG][1464787970907][createCommandConfig RCConfig.java:363][SERVICE_PLAN - null - Prosumer Prepaid B]
[2016Jun01 09:02:52,688][DEBUG][1464787970907][initCommandChainConfig RCConfig.java:263][ve.com.digitel.bbrecdisc.rc.config.CommandConfig[ | delegator: ConectarRIMRoboExtravio | service: reconexion.rim.roboextravio | conditions: [ve.com.digitel.bbrecdisc.rc.config.CommandConfig[ | delegator: local | service: cond:inSplit | conditions: [] | parameters: ve.com.digitel.bbrecdisc.model.ParametersConfig@1e7e416 | ignorar: false | codesToIgnore: null]] | parameters: ve.com.digitel.bbrecdisc.model.ParametersConfig@12f71bd | ignorar: true | codesToIgnore: []]]
[2016Jun01 09:02:52,690][DEBUG][1464787970907][createCommandConfig RCConfig.java:286][ConectarRIMRoboExtravio -##- reconexion.rim.roboextravio]
[2016Jun01 09:02:52,691][DEBUG][1464787970907][createCommandConfig RCConfig.java:286][local -##- cond:inSplit]
[2016Jun01 09:02:52,693][DEBUG][1464787970907][createCommandConfig RCConfig.java:363][lvalor - CosName - null]
[2016Jun01 09:02:52,694][DEBUG][1464787970907][createCommandConfig RCConfig.java:363][rvalor - null - BlackBerry Social;BlackBerry Social ZF]
[2016Jun01 09:02:52,696][DEBUG][1464787970907][createCommandConfig RCConfig.java:363][SERVICE_PLAN - null - BIS Social Prepaid]
[2016Jun01 09:02:52,697][DEBUG][1464787970907][initCommandChainConfig RCConfig.java:263][ve.com.digitel.bbrecdisc.rc.config.CommandConfig[ | delegator: ConectarRIMRoboExtravio | service: reconexion.rim.roboextravio | conditions: [ve.com.digitel.bbrecdisc.rc.config.CommandConfig[ | delegator: local | service: cond:inSplit | conditions: [] | parameters: ve.com.digitel.bbrecdisc.model.ParametersConfig@1d47087 | ignorar: false | codesToIgnore: null]] | parameters: ve.com.digitel.bbrecdisc.model.ParametersConfig@27b107 | ignorar: true | codesToIgnore: []]]
[2016Jun01 09:02:52,698][DEBUG][1464787970907][createCommandConfig RCConfig.java:286][ActualizarStatusErrorIL -##- desconexion.rim.roboextravio]
[2016Jun01 09:02:52,700][DEBUG][1464787970907][createCommandConfig RCConfig.java:286][local -##- cond:in]
[2016Jun01 09:02:52,701][DEBUG][1464787970907][createCommandConfig RCConfig.java:363][lvalor - _rc_resultado - null]
[2016Jun01 09:02:52,703][DEBUG][1464787970907][createCommandConfig RCConfig.java:363][rvalor - null - 0]
[2016Jun01 09:02:52,704][DEBUG][1464787970907][createCommandConfig RCConfig.java:363][negado - null - true]
[2016Jun01 09:02:52,706][DEBUG][1464787970907][createCommandConfig RCConfig.java:363][Accion - null - R]
[2016Jun01 09:02:52,707][DEBUG][1464787970907][createCommandConfig RCConfig.java:363][Canal - null - N]
[2016Jun01 09:02:52,708][DEBUG][1464787970907][createCommandConfig RCConfig.java:363][MSISDN - MSISDN - null]
[2016Jun01 09:02:52,710][DEBUG][1464787970907][createCommandConfig RCConfig.java:363][IMSI - IMSI - null]
[2016Jun01 09:02:52,711][DEBUG][1464787970907][createCommandConfig RCConfig.java:363][Estado - _rc_resultado - null]
[2016Jun01 09:02:52,712][DEBUG][1464787970907][createCommandConfig RCConfig.java:363][Descripcion - _rc_razon - null]
[2016Jun01 09:02:52,714][DEBUG][1464787970907][initCommandChainConfig RCConfig.java:263][ve.com.digitel.bbrecdisc.rc.config.CommandConfig[ | delegator: ActualizarStatusErrorIL | service: desconexion.rim.roboextravio | conditions: [ve.com.digitel.bbrecdisc.rc.config.CommandConfig[ | delegator: local | service: cond:in | conditions: [] | parameters: ve.com.digitel.bbrecdisc.model.ParametersConfig@1d77c17 | ignorar: false | codesToIgnore: null]] | parameters: ve.com.digitel.bbrecdisc.model.ParametersConfig@13e9b9 | ignorar: false | codesToIgnore: null]]
[2016Jun01 09:02:52,715][DEBUG][1464787970907][initCommandChainConfig RCConfig.java:271][{reconexion.rim.roboextravio=ve.com.digitel.bbrecdisc.rc.config.CommandChainConfig@114c894, reconexion.rim.recarga=ve.com.digitel.bbrecdisc.rc.config.CommandChainConfig@15577e7, desconexion.rim.roboextravio=ve.com.digitel.bbrecdisc.rc.config.CommandChainConfig@115470e, validar.tipo.reconexion=ve.com.digitel.bbrecdisc.rc.config.CommandChainConfig@ac37d9}]
[2016Jun01 09:02:52,717][DEBUG][1464787970907][initCommandChainConfig RCConfig.java:250][encolar.response.il]
[2016Jun01 09:02:52,718][DEBUG][1464787970907][createCommandConfig RCConfig.java:286][EncolarResponseIL -##- procesar.response.il]
[2016Jun01 09:02:52,719][DEBUG][1464787970907][createCommandConfig RCConfig.java:363][MSISDN - msisdn - null]
[2016Jun01 09:02:52,721][DEBUG][1464787970907][createCommandConfig RCConfig.java:363][IMSI - imsi - null]
[2016Jun01 09:02:52,722][DEBUG][1464787970907][createCommandConfig RCConfig.java:363][Accion - serviceType - null]
[2016Jun01 09:02:52,724][DEBUG][1464787970907][createCommandConfig RCConfig.java:363][Estado - status - null]
[2016Jun01 09:02:52,725][DEBUG][1464787970907][createCommandConfig RCConfig.java:363][Canal - null - N]
[2016Jun01 09:02:52,726][DEBUG][1464787970907][createCommandConfig RCConfig.java:363][Descripcion - sMessage - null]
[2016Jun01 09:02:52,728][DEBUG][1464787970907][createCommandConfig RCConfig.java:363][traceid - relatesTo - null]
[2016Jun01 09:02:52,729][DEBUG][1464787970907][createCommandConfig RCConfig.java:363][orderNo - order - null]
[2016Jun01 09:02:52,730][DEBUG][1464787970907][createCommandConfig RCConfig.java:363][taskNo - task - null]
[2016Jun01 09:02:52,732][DEBUG][1464787970907][initCommandChainConfig RCConfig.java:263][ve.com.digitel.bbrecdisc.rc.config.CommandConfig[ | delegator: EncolarResponseIL | service: procesar.response.il | conditions: [] | parameters: ve.com.digitel.bbrecdisc.model.ParametersConfig@32fe26 | ignorar: false | codesToIgnore: null]]
[2016Jun01 09:02:52,733][DEBUG][1464787970907][initCommandChainConfig RCConfig.java:271][{reconexion.rim.roboextravio=ve.com.digitel.bbrecdisc.rc.config.CommandChainConfig@114c894, reconexion.rim.recarga=ve.com.digitel.bbrecdisc.rc.config.CommandChainConfig@15577e7, desconexion.rim.roboextravio=ve.com.digitel.bbrecdisc.rc.config.CommandChainConfig@115470e, encolar.response.il=ve.com.digitel.bbrecdisc.rc.config.CommandChainConfig@1cb8c96, validar.tipo.reconexion=ve.com.digitel.bbrecdisc.rc.config.CommandChainConfig@ac37d9}]
[2016Jun01 09:02:52,735][DEBUG][1464787970907][initCommandChainConfig RCConfig.java:250][procesar.response.il]
[2016Jun01 09:02:52,736][DEBUG][1464787970907][createCommandConfig RCConfig.java:286][ActualizarStatusRIM -##- procesar.response.il]
[2016Jun01 09:02:52,737][DEBUG][1464787970907][createCommandConfig RCConfig.java:363][MSISDN - MSISDN - null]
[2016Jun01 09:02:52,739][DEBUG][1464787970907][createCommandConfig RCConfig.java:363][IMSI - IMSI - null]
[2016Jun01 09:02:52,740][DEBUG][1464787970907][createCommandConfig RCConfig.java:363][Accion - Accion - null]
[2016Jun01 09:02:52,741][DEBUG][1464787970907][createCommandConfig RCConfig.java:363][Estado - Estado - null]
[2016Jun01 09:02:52,743][DEBUG][1464787970907][createCommandConfig RCConfig.java:363][Canal - Canal - null]
[2016Jun01 09:02:52,744][DEBUG][1464787970907][createCommandConfig RCConfig.java:363][Descripcion - Descripcion - null]
[2016Jun01 09:02:52,746][DEBUG][1464787970907][createCommandConfig RCConfig.java:363][traceid - traceid - null]
[2016Jun01 09:02:52,747][DEBUG][1464787970907][createCommandConfig RCConfig.java:363][orderNo - orderNo - null]
[2016Jun01 09:02:52,748][DEBUG][1464787970907][createCommandConfig RCConfig.java:363][taskNo - taskNo - null]
[2016Jun01 09:02:52,750][DEBUG][1464787970907][createCommandConfig RCConfig.java:363][cadenaDesconexion1 - null - Service Deactivated]
[2016Jun01 09:02:52,751][DEBUG][1464787970907][createCommandConfig RCConfig.java:363][cadenaDesconexion2 - null - Service Inactive]
[2016Jun01 09:02:52,752][DEBUG][1464787970907][createCommandConfig RCConfig.java:363][cadenaReconexion - null - Service Already Active]
[2016Jun01 09:02:52,754][DEBUG][1464787970907][createCommandConfig RCConfig.java:363][statusSuccess - null - 9]
[2016Jun01 09:02:52,755][DEBUG][1464787970907][initCommandChainConfig RCConfig.java:263][ve.com.digitel.bbrecdisc.rc.config.CommandConfig[ | delegator: ActualizarStatusRIM | service: procesar.response.il | conditions: [] | parameters: ve.com.digitel.bbrecdisc.model.ParametersConfig@7af3c0 | ignorar: false | codesToIgnore: null]]
[2016Jun01 09:02:52,757][DEBUG][1464787970907][initCommandChainConfig RCConfig.java:271][{reconexion.rim.roboextravio=ve.com.digitel.bbrecdisc.rc.config.CommandChainConfig@114c894, procesar.response.il=ve.com.digitel.bbrecdisc.rc.config.CommandChainConfig@18faea, reconexion.rim.recarga=ve.com.digitel.bbrecdisc.rc.config.CommandChainConfig@15577e7, desconexion.rim.roboextravio=ve.com.digitel.bbrecdisc.rc.config.CommandChainConfig@115470e, encolar.response.il=ve.com.digitel.bbrecdisc.rc.config.CommandChainConfig@1cb8c96, validar.tipo.reconexion=ve.com.digitel.bbrecdisc.rc.config.CommandChainConfig@ac37d9}]
[2016Jun01 09:02:52,759][DEBUG][1464787970907][initDelegators RCConfig.java:187][local - ve.com.digitel.bbrecdisc.delegator.LocalClassDelegator - class]
[2016Jun01 09:02:52,765][DEBUG][1464787970907][initDelegators RCConfig.java:187][VerificarStatusRIM - ve.com.digitel.bbrecdisc.delegator.VerificarStatusBDDelegator - class]
[2016Jun01 09:02:52,767][DEBUG][1464787970907][initDelegators RCConfig.java:208][Params: {dataSource=application.bbrecdisc.historico.datasource, procedure=application.bbrecdisc.historico.verificar.status, providerURL=application.bbrecdisc.providerurl, context=application.bbrecdisc.contextfactory, accionComparar=application.bbrecdisc.historico.verificar.accioncomparar}]
[2016Jun01 09:02:52,768][DEBUG][1464787970907][initDelegators RCConfig.java:187][RegistrarAccionRIMBD - ve.com.digitel.bbrecdisc.delegator.RegistrarCambioRIMBDDelegator - class]
[2016Jun01 09:02:52,770][DEBUG][1464787970907][initDelegators RCConfig.java:208][Params: {dataSource=application.bbrecdisc.historico.datasource, procedure=application.bbrecdisc.historico.registrar.procedure, providerURL=application.bbrecdisc.providerurl, context=application.bbrecdisc.contextfactory}]
[2016Jun01 09:02:52,771][DEBUG][1464787970907][initDelegators RCConfig.java:187][DesconectarRIMRoboExtravio - ve.com.digitel.bbrecdisc.delegator.DesconexionRIMILDelegator - class]
[2016Jun01 09:02:52,774][DEBUG][1464787970907][initDelegators RCConfig.java:208][Params: {timeOutHLR=application.bbrecdisc.hlr.timeout, REPLY_TO_ADDRESS=application.bbrecdisc.hlr.reply_to_address, IL_USER=application.bbrecdisc.hlr.user, REQ_TYPE=application.bbrecdisc.hlr.req_type, NE_TYPE=application.bbrecdisc.hlr.ne_type, endPointURL=application.bbrecdisc.hlr.endpointurl, IL_PSW=application.bbrecdisc.hlr.password, WS_URL=application.bbrecdisc.hlr.ws_url, SERVICE_REQUEST=application.bbrecdisc.hlr.service_request, SOAPActionValue=application.bbrecdisc.hlr.soapaction, REQ_OBJ=application.bbrecdisc.hlr.req_obj, REQ_USER=application.bbrecdisc.hlr.req_user}]
[2016Jun01 09:02:52,775][DEBUG][1464787970907][initDelegators RCConfig.java:187][ConectarRIMRoboExtravio - ve.com.digitel.bbrecdisc.delegator.ReconexionRIMILDelegator - class]
[2016Jun01 09:02:52,777][DEBUG][1464787970907][initDelegators RCConfig.java:208][Params: {timeOutHLR=application.bbrecdisc.hlr.timeout, REPLY_TO_ADDRESS=application.bbrecdisc.hlr.reply_to_address, IL_USER=application.bbrecdisc.hlr.user, REQ_TYPE=application.bbrecdisc.hlr.req_type, NE_TYPE=application.bbrecdisc.hlr.ne_type, endPointURL=application.bbrecdisc.hlr.endpointurl, IL_PSW=application.bbrecdisc.hlr.password, WS_URL=application.bbrecdisc.hlr.ws_url, SERVICE_REQUEST=application.bbrecdisc.hlr.service_request, SOAPActionValue=application.bbrecdisc.hlr.soapaction, REQ_OBJ=application.bbrecdisc.hlr.req_obj, REQ_USER=application.bbrecdisc.hlr.req_user}]
[2016Jun01 09:02:52,779][DEBUG][1464787970907][initDelegators RCConfig.java:187][EncolarResponseIL - ve.com.digitel.bbrecdisc.delegator.ResponseILQueueSubmiterDelegator - class]
[2016Jun01 09:02:52,780][DEBUG][1464787970907][initDelegators RCConfig.java:208][Params: {providerURL=application.bbrecdisc.providerurl, context=application.bbrecdisc.contextfactory, queue=application.bbrecdisc.solicitud.queue, factory=application.bbrecdisc.solicitud.factory}]
[2016Jun01 09:02:52,782][DEBUG][1464787970907][initDelegators RCConfig.java:187][EliminarRegistroRIMBD - ve.com.digitel.bbrecdisc.delegator.EliminarRegistroBDRIMDelegator - class]
[2016Jun01 09:02:52,783][DEBUG][1464787970907][initDelegators RCConfig.java:208][Params: {dataSource=application.bbrecdisc.historico.datasource, procedure=application.bbrecdisc.historico.eliminar.procedure, providerURL=application.bbrecdisc.providerurl, context=application.bbrecdisc.contextfactory}]
[2016Jun01 09:02:52,785][DEBUG][1464787970907][initDelegators RCConfig.java:187][ActualizarStatusRIM - ve.com.digitel.bbrecdisc.delegator.ActualizarRegistroBDRIMDelegator - class]
[2016Jun01 09:02:52,786][DEBUG][1464787970907][initDelegators RCConfig.java:208][Params: {dataSource=application.bbrecdisc.historico.datasource, procedure=application.bbrecdisc.historico.actualizar.procedure, providerURL=application.bbrecdisc.providerurl, context=application.bbrecdisc.contextfactory}]
[2016Jun01 09:02:52,788][DEBUG][1464787970907][initDelegators RCConfig.java:187][ActualizarStatusErrorIL - ve.com.digitel.bbrecdisc.delegator.ActualizarRegistroBDErrorILDelegator - class]
[2016Jun01 09:02:52,790][DEBUG][1464787970907][initDelegators RCConfig.java:208][Params: {dataSource=application.bbrecdisc.historico.datasource, procedure=application.bbrecdisc.historico.actualizar.procedure, providerURL=application.bbrecdisc.providerurl, context=application.bbrecdisc.contextfactory}]
[2016Jun01 09:02:52,791][DEBUG][1464787970907][initDelegators RCConfig.java:187][PreviousStateValidate - ve.com.digitel.bbrecdisc.delegator.PreviousStateRTBSDelegator - class]
[2016Jun01 09:02:52,793][DEBUG][1464787970907][initDelegators RCConfig.java:208][Params: {password=application.bbrecdisc.rtbs.password, previousState=application.bbrecdisc.rtbs.previousState, user=application.bbrecdisc.rtbs.user, endPointURL=application.bbrecdisc.rtbs.enpointurl, timeOutRTBS=application.bbrecdisc.rtbs.timeoutrtbs, SOAPActionValue=application.bbrecdisc.rtbs.retrievesubscriber.soapactionvalue}]
[2016Jun01 09:02:52,794][DEBUG][1464787970907][initDelegators RCConfig.java:187][EncolarSolicitudReconexion - ve.com.digitel.bbrecdisc.delegator.ReconexionQueueSubmiterDelegator - class]
[2016Jun01 09:02:52,796][DEBUG][1464787970907][initDelegators RCConfig.java:208][Params: {providerURL=application.bbrecdisc.providerurl, context=application.bbrecdisc.contextfactory, queue=application.bbrecdisc.solicitud.queue, factory=application.bbrecdisc.solicitud.factory}]
[2016Jun01 09:02:52,797][DEBUG][1464787970907][initDelegators RCConfig.java:187][InformacionBasicaRTBS - ve.com.digitel.bbrecdisc.delegator.InfBasicaSuscriptorRTBSDelegator - class]
[2016Jun01 09:02:52,799][DEBUG][1464787970907][initDelegators RCConfig.java:208][Params: {password=application.bbrecdisc.rtbs.password, user=application.bbrecdisc.rtbs.user, planesBB=application.bbrecdisc.rtbs.planesbb, endPointURL=application.bbrecdisc.rtbs.enpointurl, timeOutRTBS=application.bbrecdisc.rtbs.timeoutrtbs, SOAPActionValue=application.bbrecdisc.rtbs.retrievesubscriber.soapactionvalue}]
[2016Jun01 09:02:52,800][DEBUG][1464787970907][initDelegators RCConfig.java:187][RecargasMTRRTBS - ve.com.digitel.bbrecdisc.delegator.RecargasMTRRTBSDelegator - class]
[2016Jun01 09:02:52,802][DEBUG][1464787970907][initDelegators RCConfig.java:208][Params: {minutosBusqueda=application.bbrecdisc.rtbs.minutosBusqueda, password=application.bbrecdisc.rtbs.password, user=application.bbrecdisc.rtbs.user, endPointURL=application.bbrecdisc.rtbs.enpointurl, timeOutRTBS=application.bbrecdisc.rtbs.timeoutrtbs, SOAPActionValue=application.bbrecdisc.rtbs.retrievesubscriberhistory.soapactionvalue}]
[2016Jun01 09:02:52,814][DEBUG][1464787970907][getDelegator CommandManager.java:93][RegistrarAccionRIMBD]
[2016Jun01 09:02:52,842][DEBUG][1464787970907][getDelegator CommandManager.java:93][DesconectarRIMRoboExtravio]
[2016Jun01 09:02:52,861][DEBUG][1464787970907][compileCmd NameSustitutionCmdAdapter.java:50][Iniciando proceso de compilacion de comando: <?xml version="1.0" encoding="UTF-8"?>
<soap:Envelope xmlns:soap="http://www.w3.org/2003/05/soap-envelope"
	xmlns:wsa="http://www.w3.org/2005/08/addressing"
	xmlns:wsse="http://docs.oasis-open.org/wss/2004/01/oasis-200401-wss-wssecurity-secext-1.0.xsd">
	<soap:Header>
		<wsse:UsernameToken>
			<wsse:Username>${Username}</wsse:Username>
			<wsse:Password>${Password}</wsse:Password>
		</wsse:UsernameToken>
		<wsa:Action>${Action}</wsa:Action>
		<wsa:MessageID>${MessageID}</wsa:MessageID>
		<wsa:ReplyTo>
			<wsa:Address>${Address}</wsa:Address>
		</wsa:ReplyTo>
	</soap:Header>
	<soap:Body>
		<REQUEST xmlns="http://www.comptel.com/ilink/api/soap/2005/09"
			NE_TYPE="${NE_TYPE}" REQ_USER="${REQ_USER}" REQ_TYPE="${REQ_TYPE}">
			<Parameter name="REQ_OBJ" value="${REQ_OBJ}" />
			<Parameter name="IMSI1" value="${IMSI}" />
			<Parameter name="MSISDN1" value="${MSISDN}" />
			<Parameter name="SERVICE_REQUEST" value="${SERVICE_REQUEST}" />
			<Parameter name="SERVICE_TYPE" value="CANCEL" />
			<Parameter name="ORDER_NO" value="${ORDER_NO:2}" />
		</REQUEST>
	</soap:Body>
</soap:Envelope>
]
[2016Jun01 09:02:52,863][DEBUG][1464787970907][compileCmd NameSustitutionCmdAdapter.java:87][Componente CONSTANTE encontrado: <?xml version="1.0" encoding="UTF-8"?>
<soap:Envelope xmlns:soap="http://www.w3.org/2003/05/soap-envelope"
	xmlns:wsa="http://www.w3.org/2005/08/addressing"
	xmlns:wsse="http://docs.oasis-open.org/wss/2004/01/oasis-200401-wss-wssecurity-secext-1.0.xsd">
	<soap:Header>
		<wsse:UsernameToken>
			<wsse:Username>]
[2016Jun01 09:02:52,864][DEBUG][1464787970907][compileCmd NameSustitutionCmdAdapter.java:63][Componente VARIABLE encontrado: Username]
[2016Jun01 09:02:52,866][DEBUG][1464787970907][compileCmd NameSustitutionCmdAdapter.java:78][Componente CONSTANTE encontrado: </wsse:Username>
			<wsse:Password>]
[2016Jun01 09:02:52,867][DEBUG][1464787970907][compileCmd NameSustitutionCmdAdapter.java:63][Componente VARIABLE encontrado: Password]
[2016Jun01 09:02:52,869][DEBUG][1464787970907][compileCmd NameSustitutionCmdAdapter.java:78][Componente CONSTANTE encontrado: </wsse:Password>
		</wsse:UsernameToken>
		<wsa:Action>]
[2016Jun01 09:02:52,870][DEBUG][1464787970907][compileCmd NameSustitutionCmdAdapter.java:63][Componente VARIABLE encontrado: Action]
[2016Jun01 09:02:52,872][DEBUG][1464787970907][compileCmd NameSustitutionCmdAdapter.java:78][Componente CONSTANTE encontrado: </wsa:Action>
		<wsa:MessageID>]
[2016Jun01 09:02:52,873][DEBUG][1464787970907][compileCmd NameSustitutionCmdAdapter.java:63][Componente VARIABLE encontrado: MessageID]
[2016Jun01 09:02:52,875][DEBUG][1464787970907][compileCmd NameSustitutionCmdAdapter.java:78][Componente CONSTANTE encontrado: </wsa:MessageID>
		<wsa:ReplyTo>
			<wsa:Address>]
[2016Jun01 09:02:52,876][DEBUG][1464787970907][compileCmd NameSustitutionCmdAdapter.java:63][Componente VARIABLE encontrado: Address]
[2016Jun01 09:02:52,877][DEBUG][1464787970907][compileCmd NameSustitutionCmdAdapter.java:78][Componente CONSTANTE encontrado: </wsa:Address>
		</wsa:ReplyTo>
	</soap:Header>
	<soap:Body>
		<REQUEST xmlns="http://www.comptel.com/ilink/api/soap/2005/09"
			NE_TYPE="]
[2016Jun01 09:02:52,879][DEBUG][1464787970907][compileCmd NameSustitutionCmdAdapter.java:63][Componente VARIABLE encontrado: NE_TYPE]
[2016Jun01 09:02:52,880][DEBUG][1464787970907][compileCmd NameSustitutionCmdAdapter.java:78][Componente CONSTANTE encontrado: " REQ_USER="]
[2016Jun01 09:02:52,882][DEBUG][1464787970907][compileCmd NameSustitutionCmdAdapter.java:63][Componente VARIABLE encontrado: REQ_USER]
[2016Jun01 09:02:52,883][DEBUG][1464787970907][compileCmd NameSustitutionCmdAdapter.java:78][Componente CONSTANTE encontrado: " REQ_TYPE="]
[2016Jun01 09:02:52,885][DEBUG][1464787970907][compileCmd NameSustitutionCmdAdapter.java:63][Componente VARIABLE encontrado: REQ_TYPE]
[2016Jun01 09:02:52,886][DEBUG][1464787970907][compileCmd NameSustitutionCmdAdapter.java:78][Componente CONSTANTE encontrado: ">
			<Parameter name="REQ_OBJ" value="]
[2016Jun01 09:02:52,887][DEBUG][1464787970907][compileCmd NameSustitutionCmdAdapter.java:63][Componente VARIABLE encontrado: REQ_OBJ]
[2016Jun01 09:02:52,889][DEBUG][1464787970907][compileCmd NameSustitutionCmdAdapter.java:78][Componente CONSTANTE encontrado: " />
			<Parameter name="IMSI1" value="]
[2016Jun01 09:02:52,890][DEBUG][1464787970907][compileCmd NameSustitutionCmdAdapter.java:63][Componente VARIABLE encontrado: IMSI]
[2016Jun01 09:02:52,892][DEBUG][1464787970907][compileCmd NameSustitutionCmdAdapter.java:78][Componente CONSTANTE encontrado: " />
			<Parameter name="MSISDN1" value="]
[2016Jun01 09:02:52,893][DEBUG][1464787970907][compileCmd NameSustitutionCmdAdapter.java:63][Componente VARIABLE encontrado: MSISDN]
[2016Jun01 09:02:52,895][DEBUG][1464787970907][compileCmd NameSustitutionCmdAdapter.java:78][Componente CONSTANTE encontrado: " />
			<Parameter name="SERVICE_REQUEST" value="]
[2016Jun01 09:02:52,896][DEBUG][1464787970907][compileCmd NameSustitutionCmdAdapter.java:63][Componente VARIABLE encontrado: SERVICE_REQUEST]
[2016Jun01 09:02:52,898][DEBUG][1464787970907][compileCmd NameSustitutionCmdAdapter.java:78][Componente CONSTANTE encontrado: " />
			<Parameter name="SERVICE_TYPE" value="CANCEL" />
			<Parameter name="ORDER_NO" value="]
[2016Jun01 09:02:52,899][DEBUG][1464787970907][compileCmd NameSustitutionCmdAdapter.java:63][Componente VARIABLE encontrado: ORDER_NO:2]
[2016Jun01 09:02:52,904][DEBUG][1464787970907][compileCmd NameSustitutionCmdAdapter.java:78][Componente CONSTANTE encontrado: " />
		</REQUEST>
	</soap:Body>
</soap:Envelope>
]
[2016Jun01 09:02:52,905][DEBUG][1464787970907][getDelegator CommandManager.java:93][ActualizarStatusErrorIL]
[2016Jun01 09:02:52,915][DEBUG][1464787970907][execute CommandChain.java:95][Parametros de entrada: ve.com.digitel.bbrecdisc.model.Request{ | header: {TraceId=1464787970907, Target=desconexion.rim.roboextravio} | context: {Status=Active, IMSI=734027003986719, MSISDN=584128082587, CosName=BlackBerry}}]
[2016Jun01 09:02:52,922][DEBUG][1464787970907][getFilterChain FilterManager.java:62][[]]
[2016Jun01 09:02:52,927][DEBUG][1464787970907][execute FilterChain.java:73][ve.com.digitel.bbrecdisc.model.Request{ | header: {TraceId=1464787970907, Target=desconexion.rim.roboextravio} | context: {Status=Active, IMSI=734027003986719, MSISDN=584128082587, CosName=BlackBerry}}]
[2016Jun01 09:02:52,929][DEBUG][1464787970907][execute CommandChain.java:129][Servicio a EJECUTAR desconexion.rim.roboextravio]
[2016Jun01 09:02:52,934][DEBUG][1464787970907][execute RegistrarCambioRIMBDDelegator.java:118][Se obtuvo la conexion al DataSource. Accesando a la Base de Datos]
[2016Jun01 09:02:52,936][DEBUG][1464787970907][execute RegistrarCambioRIMBDDelegator.java:123][ve.com.digitel.bbrecdisc.model.Request{ | header: {TraceId=1464787970907, Target=desconexion.rim.roboextravio} | context: {Status=Active, Canal=N, IMSI=734027003986719, MSISDN=584128082587, Accion=D, CosName=BlackBerry, Estado=0, Descripcion=In Process}}]
[2016Jun01 09:02:52,943][ERROR][1464787970907][execute RegistrarCambioRIMBDDelegator.java:142][Error ocurrido durante el registro de la desconexion]
java.sql.SQLException: No more data to read from socket
	at oracle.jdbc.driver.DatabaseError.throwSqlException(DatabaseError.java:125)
	at oracle.jdbc.driver.DatabaseError.throwSqlException(DatabaseError.java:162)
	at oracle.jdbc.driver.DatabaseError.check_error(DatabaseError.java:885)
	at oracle.jdbc.driver.T4CMAREngine.unmarshalUB1(T4CMAREngine.java:994)
	at oracle.jdbc.driver.T4CMAREngine.unmarshalSB1(T4CMAREngine.java:951)
	at oracle.jdbc.driver.T4C8Oall.receive(T4C8Oall.java:435)
	at oracle.jdbc.driver.T4CCallableStatement.doOall8(T4CCallableStatement.java:181)
	at oracle.jdbc.driver.T4CCallableStatement.execute_for_rows(T4CCallableStatement.java:870)
	at oracle.jdbc.driver.OracleStatement.doExecuteWithTimeout(OracleStatement.java:1081)
	at oracle.jdbc.driver.OraclePreparedStatement.executeInternal(OraclePreparedStatement.java:2905)
	at oracle.jdbc.driver.OraclePreparedStatement.execute(OraclePreparedStatement.java:2996)
	at oracle.jdbc.driver.OracleCallableStatement.execute(OracleCallableStatement.java:4120)
	at weblogic.jdbc.wrapper.PreparedStatement.execute(PreparedStatement.java:102)
	at ve.com.digitel.bbrecdisc.delegator.RegistrarCambioRIMBDDelegator.execute(RegistrarCambioRIMBDDelegator.java:133)
	at ve.com.digitel.bbrecdisc.rc.command.CommandChain.execute(CommandChain.java:132)
	at ve.com.digitel.bbrecdisc.rc.RC.processRequest(RC.java:74)
	at ve.com.digitel.bbrecdisc.rc.RC.processRequest(RC.java:102)
	at ve.com.digitel.bbrecdisc.mdb.BBRecDiscMDBean.onMessage(BBRecDiscMDBean.java:122)
	at weblogic.ejb20.internal.MDListener.execute(MDListener.java:400)
	at weblogic.ejb20.internal.MDListener.transactionalOnMessage(MDListener.java:333)
	at weblogic.ejb20.internal.MDListener.onMessage(MDListener.java:298)
	at weblogic.jms.client.JMSSession.onMessage(JMSSession.java:2686)
	at weblogic.jms.client.JMSSession.execute(JMSSession.java:2598)
	at weblogic.kernel.ExecuteThread.execute(ExecuteThread.java:224)
	at weblogic.kernel.ExecuteThread.run(ExecuteThread.java:183)
[2016Jun01 09:02:52,948][DEBUG][1464787970907][isResultSucced AbstractCommand.java:40][ve.com.digitel.bbrecdisc.rc.config.CommandConfig[ | delegator: RegistrarAccionRIMBD | service: desconexion.rim.roboextravio | conditions: [] | parameters: ve.com.digitel.bbrecdisc.model.ParametersConfig@113bee2 | ignorar: false | codesToIgnore: null] - ve.com.digitel.bssint.ReturnValue{ | condCode: 100 | reasonCode: Error ocurrido durante el registro de la desconexion | info:  | vto: {Status=Active, Canal=N, IMSI=734027003986719, MSISDN=584128082587, Accion=D, CosName=BlackBerry, Estado=0, Descripcion=In Process}}]
[2016Jun01 09:02:52,950][DEBUG][1464787970907][execute CommandChain.java:137][ve.com.digitel.bssint.ReturnValue{ | condCode: 100 | reasonCode: Error ocurrido durante el registro de la desconexion | info:  | vto: {Status=Active, Canal=N, IMSI=734027003986719, MSISDN=584128082587, Accion=D, CosName=BlackBerry, Estado=0, Descripcion=In Process}} - false]
[2016Jun01 09:02:52,951][INFO ][1464787970907][processRequest RC.java:76][Fin Servicio: desconexion.rim.roboextravio Respuesta: ve.com.digitel.bssint.ReturnValue{ | condCode: 100 | reasonCode: Error ocurrido durante el registro de la desconexion | info:  | vto: {Status=Active, Canal=N, IMSI=734027003986719, MSISDN=584128082587, Accion=D, CosName=BlackBerry, Estado=0, Descripcion=In Process}}]
[2016Jun01 09:02:52,953][INFO ][1464787970907][onMessage BBRecDiscMDBean.java:124][Solicitud procesada ve.com.digitel.bssint.ReturnValue{ | condCode: 100 | reasonCode: Error ocurrido durante el registro de la desconexion | info:  | vto: {Status=Active, Canal=N, IMSI=734027003986719, MSISDN=584128082587, Accion=D, CosName=BlackBerry, Estado=0, Descripcion=In Process}}]
[2016Jun01 09:04:09,146][INFO ][1464787970907][onMessage BBRecDiscMDBean.java:120][Mensaje recibido con exito en la cola de SOLICITUD <?xml version="1.0" encoding="UTF-8"?>
<request>
	<header>
		<TraceId>1464788049129</TraceId>
		<Target>desconexion.rim.roboextravio</Target>
	</header>
	<body>
		<IMSI>734584128082587</IMSI>
		<MSISDN>584128082587</MSISDN>
		<Status>Active</Status>
		<CosName>BlackBerry</CosName>
	</body>
</request>]
[2016Jun01 09:04:09,147][DEBUG][1464787970907][buildRequest RCHelper.java:56][INICIO de parser XML de entrada]
[2016Jun01 09:04:09,150][DEBUG][1464788049129][processRequest RC.java:100][ve.com.digitel.bbrecdisc.model.Request{ | header: {TraceId=1464788049129, Target=desconexion.rim.roboextravio} | context: {Status=Active, IMSI=734584128082587, MSISDN=584128082587, CosName=BlackBerry}}]
[2016Jun01 09:04:09,152][INFO ][1464788049129][processRequest RC.java:70][Inicio de Servicio: desconexion.rim.roboextravio]
[2016Jun01 09:04:09,153][DEBUG][1464788049129][execute CommandChain.java:95][Parametros de entrada: ve.com.digitel.bbrecdisc.model.Request{ | header: {TraceId=1464788049129, Target=desconexion.rim.roboextravio} | context: {Status=Active, IMSI=734584128082587, MSISDN=584128082587, CosName=BlackBerry}}]
[2016Jun01 09:04:09,154][DEBUG][1464788049129][getFilterChain FilterManager.java:62][[]]
[2016Jun01 09:04:09,155][DEBUG][1464788049129][execute FilterChain.java:73][ve.com.digitel.bbrecdisc.model.Request{ | header: {TraceId=1464788049129, Target=desconexion.rim.roboextravio} | context: {Status=Active, IMSI=734584128082587, MSISDN=584128082587, CosName=BlackBerry}}]
[2016Jun01 09:04:09,156][DEBUG][1464788049129][execute CommandChain.java:129][Servicio a EJECUTAR desconexion.rim.roboextravio]
[2016Jun01 09:04:09,158][DEBUG][1464788049129][execute RegistrarCambioRIMBDDelegator.java:118][Se obtuvo la conexion al DataSource. Accesando a la Base de Datos]
[2016Jun01 09:04:09,160][DEBUG][1464788049129][execute RegistrarCambioRIMBDDelegator.java:123][ve.com.digitel.bbrecdisc.model.Request{ | header: {TraceId=1464788049129, Target=desconexion.rim.roboextravio} | context: {Status=Active, Canal=N, IMSI=734584128082587, MSISDN=584128082587, Accion=D, CosName=BlackBerry, Estado=0, Descripcion=In Process}}]
[2016Jun01 09:04:09,162][ERROR][1464788049129][execute RegistrarCambioRIMBDDelegator.java:142][Error ocurrido durante el registro de la desconexion]
java.sql.SQLException: Must be logged on to server
	at oracle.jdbc.driver.DatabaseError.throwSqlException(DatabaseError.java:125)
	at oracle.jdbc.driver.DatabaseError.throwSqlException(DatabaseError.java:162)
	at oracle.jdbc.driver.DatabaseError.throwSqlException(DatabaseError.java:227)
	at oracle.jdbc.driver.T4CConnection.assertLoggedOn(T4CConnection.java:2427)
	at oracle.jdbc.driver.T4CCallableStatement.doOall8(T4CCallableStatement.java:58)
	at oracle.jdbc.driver.T4CCallableStatement.execute_for_rows(T4CCallableStatement.java:870)
	at oracle.jdbc.driver.OracleStatement.doExecuteWithTimeout(OracleStatement.java:1081)
	at oracle.jdbc.driver.OraclePreparedStatement.executeInternal(OraclePreparedStatement.java:2905)
	at oracle.jdbc.driver.OraclePreparedStatement.execute(OraclePreparedStatement.java:2996)
	at oracle.jdbc.driver.OracleCallableStatement.execute(OracleCallableStatement.java:4120)
	at weblogic.jdbc.wrapper.PreparedStatement.execute(PreparedStatement.java:102)
	at ve.com.digitel.bbrecdisc.delegator.RegistrarCambioRIMBDDelegator.execute(RegistrarCambioRIMBDDelegator.java:133)
	at ve.com.digitel.bbrecdisc.rc.command.CommandChain.execute(CommandChain.java:132)
	at ve.com.digitel.bbrecdisc.rc.RC.processRequest(RC.java:74)
	at ve.com.digitel.bbrecdisc.rc.RC.processRequest(RC.java:102)
	at ve.com.digitel.bbrecdisc.mdb.BBRecDiscMDBean.onMessage(BBRecDiscMDBean.java:122)
	at weblogic.ejb20.internal.MDListener.execute(MDListener.java:400)
	at weblogic.ejb20.internal.MDListener.transactionalOnMessage(MDListener.java:333)
	at weblogic.ejb20.internal.MDListener.onMessage(MDListener.java:298)
	at weblogic.jms.client.JMSSession.onMessage(JMSSession.java:2686)
	at weblogic.jms.client.JMSSession.execute(JMSSession.java:2598)
	at weblogic.kernel.ExecuteThread.execute(ExecuteThread.java:224)
	at weblogic.kernel.ExecuteThread.run(ExecuteThread.java:183)
[2016Jun01 09:04:09,165][DEBUG][1464788049129][isResultSucced AbstractCommand.java:40][ve.com.digitel.bbrecdisc.rc.config.CommandConfig[ | delegator: RegistrarAccionRIMBD | service: desconexion.rim.roboextravio | conditions: [] | parameters: ve.com.digitel.bbrecdisc.model.ParametersConfig@113bee2 | ignorar: false | codesToIgnore: null] - ve.com.digitel.bssint.ReturnValue{ | condCode: 100 | reasonCode: Error ocurrido durante el registro de la desconexion | info:  | vto: {Status=Active, Canal=N, IMSI=734584128082587, MSISDN=584128082587, Accion=D, CosName=BlackBerry, Estado=0, Descripcion=In Process}}]
[2016Jun01 09:04:09,167][DEBUG][1464788049129][execute CommandChain.java:137][ve.com.digitel.bssint.ReturnValue{ | condCode: 100 | reasonCode: Error ocurrido durante el registro de la desconexion | info:  | vto: {Status=Active, Canal=N, IMSI=734584128082587, MSISDN=584128082587, Accion=D, CosName=BlackBerry, Estado=0, Descripcion=In Process}} - false]
[2016Jun01 09:04:09,168][INFO ][1464788049129][processRequest RC.java:76][Fin Servicio: desconexion.rim.roboextravio Respuesta: ve.com.digitel.bssint.ReturnValue{ | condCode: 100 | reasonCode: Error ocurrido durante el registro de la desconexion | info:  | vto: {Status=Active, Canal=N, IMSI=734584128082587, MSISDN=584128082587, Accion=D, CosName=BlackBerry, Estado=0, Descripcion=In Process}}]
[2016Jun01 09:04:09,169][INFO ][1464788049129][onMessage BBRecDiscMDBean.java:124][Solicitud procesada ve.com.digitel.bssint.ReturnValue{ | condCode: 100 | reasonCode: Error ocurrido durante el registro de la desconexion | info:  | vto: {Status=Active, Canal=N, IMSI=734584128082587, MSISDN=584128082587, Accion=D, CosName=BlackBerry, Estado=0, Descripcion=In Process}}]
